Employee: Anthony Sopiano[122546] is logged out.
Number of success logins: 0
Number of attempt logins: 0.0
Age: 45.5
Level of Security: Admin
Fingerprint dimensions: 57 by 91

                              MMMMMMM     MMMMMMMM                                       
                             MM     MMMMM                                                  
                      MMMM           MMMMMMMMMMMM                                          
                    MMMM       MMMMMMMMMM     MMMMMMMMMMMM                                 
                  MMM     MMMMMM                        MMMMMM                             
                      MMMMM           MMMMMMMMMMMMMM         MMM                           
                  MMMMM       MMMMMMMMM            MMMMMM                                  
                MMMM     MMMMMM                         MMM                                
              MMM     MMMM         MMMMMMMMMMMMMMMM       MMM   MMM                        
            MMM    MMMM          MMMM             MMMMM    MMM    MMM                      
            M    MMM      MMMM                        MMMMMMMMM     MMM                    
               MMM     MMMM       MMMMMMMMMMMMMMMMMM         MMM      MMM                  
             MMM     MMMM     MMMMM                MMMMM       MMM     MMM                 
            MMM    MMM     MMMM         MMMMMMM        MMM      MMM      MMM               
          MMM    MMM    MMMM                  MMMMMMM    MMM      MMM     MMM              
         MMM    MMM   MMMM     MMMMMMM              MMMM   MMM      MMM    MMM             
        MMM   MMM   MMMM    MMMM   MMMMMMMMMMMMMM      MMM  MMM       MMM   MMM            
       MMM   MMM   MMM    MMM    MMMMM          MMMMM   MMM   MMM      MMMM  MMM           
       MM   MMM   MMM   MMM    MMM                  MMMM MMM   MMM  MM   MMM               
      MMM  MMM   MM    MMM   MMM      MMMMMMMMMM       MMMMM    MM   MM   MMM              
     MMM  MMM   MM   MMM   MMM     MMMM       MMMMM      MMMM    MM  MMM   MMM             
         MMM   MM   MMM   MMM    MMM              MMMM    MMM    MMM  MMM   MMM            
        MMM   MMM  MMM   MMM    MMM                 MMM     MMM   MM  MMM    MMM           
        MM   MMM  MMM   MMM    MM    MMMMMMMMMMM      MMM    MM   MMM  MMM    MMM          
       MMM  MMM   MM   MMM    MMM   MMM        MMM     MM    MM    MM  MMM     MMM         
       MM   MMM        MM    MMM   MM     MM    MMM    MMM   MM    MM   MM      MM         
      MMM  MMM        MMM    MM   MMM   MMMMMM   MMM    MMM        MMM  MM  MM  MMM        
      MM   MM   MM    MM    MMM  MMM   MMM MMM   MMMM   MMM        MMM  MM  MM   MM        
      MM  MMM   MM   MMM    MM   MMM  MMM  MMM   MMMM    MM   MMM  MMM  MM  MM   MMM       
          MMM  MMM   MMM   MMM   MM   MM   MMM   MMMMM   MM   MMM  MMM  MM  MM    MM       
          MM   MMM   MM    MMM   MM   MMM  MM    MMMMM   MM   MMM  MMM  MM  MMM   MMM      
          MM    MM   MM    MM    MM    MMMMM    MMMMMM   MM   MMM  MM   MM  MMM    MM      
         MMM    MMM MMM   MMM   MMM            MMM MM   MMM   MM   MM  MMM   MM            
         MMM     MMMM     MMM   MMM          MMM   MM   MMM  MMM  MMM  MMM    MM           
         MMM     MMM    MMMMM   MMM  MMMMMMMMM    MMM   MM   MM   MMM  MM      MM          
         MMM    MMM   MMMMMM    MMM MMM          MMM   MMM  MMM  MMM  MMM      MMM         
         MMM    MM  MMM  MMM   MMM              MMM   MMM   MM  MMM   MMM  MM   MMM        
               MMM MMM  MMM    MMM    MMMMMMM   MM    MM   MMM  MM    MM   MM   MMM        
               MM  MM   MM    MMM    MMM             MM    MMM MM    MMM   MM    MM        
              MMM MMM  MMM   MMM    MMM      MMM    MMM    MMMMMM    MM    MM    MM        
              MM      MMM   MMM    MMM      MMM    MMM      MMMM    MMM    MM    MM        
              MM     MMM   MMM    MMM     MMM     MMMM      MMM     MM    MMM    MM        
              MM    MMM   MMM    MMM     MMM    MMM MMM      MM    MMM    MM    MMM        
                   MMM   MMM    MMM     MMM    MMM   MM     MMM   MMM    MMM               
                 MMM    MMM    MMM    MMM     MMM    MM     MM    MM    MMM                
                      MMM     MMM    MMM     MMM    MMM    MMM   MMM MMMM     MM           
                     MMM     MMM    MMM    MMM     MMM    MMM   MMMMMMM      MM            
                    MM      MMM    MMM    MMM      MM    MMM   MMMMMM      MMM             
                          MMM     MMM    MMM      MMM   MMM   MMMMM       MMM              
                        MMM      MMM    MMM      MMM   MMM    MMMM      MMM                
                                MMM    MMM      MM    MMM    MMM      MMMM                 
                               MMM    MMM     MMM    MMM    MMM     MMMM                   
                               MM    MMM     MMM    MMM    MMM    MMMM                     
                                    MMM     MMM    MMM    MMM  MMMM                        
                                    MM    MMM    MMM     MM                                
                                         MMM    MMM     MM                                 
                                                MM                                         

Employee: Bob Johnson[100892] is logged out.
Number of success logins: 0
Number of attempt logins: 0.0
Age: 25.7
Level of Security: General
Fingerprint dimensions: 71 by 93

                                                   MM                                      
                                                    M MMM                                    
                                                      M M M                                  
                                               MMMM MM        M                              
                                          MMM            MMMM   MM                           
                                  MMMMM               MMMM    MMMMMM                         
                                                  MMMM    MMMMM MMMMMM                       
                          MM   M MM     M    MMM       MMM     M MMMMMM                      
                            MMM MMMMMMMMMMMMM        MMM    MMMMMM MMMMMM                    
                      MM       MM MM M              MM   MMMMM M  MMMM  MM                   
                       MM M     M              MMMMMM  M    MMMMM M  MMMMMM                  
                         MMMM         MMMMMMMMMM        M  MMM    MMMMM  MMMMM               
                    MM    MMMMM   M MMMMMMM         MMMMMMM     MM     MMMMMMM               
                     MMM   M MMMMMMMM            MMMM       MMMM     MMMM MMMMMM             
                  MM    MMM                  MMMM         MMMM     MMM  MMMMMMMM             
                   MMM    MMMM        M                MMMM    MMM    MMMM MMMMMMM           
               MM    MMM    MMMMM      MMM MMMM     MMM      MM    MMM      MMMM             
                 MM   MMMMM   MMMMM    MMMMMMM     MMM     MMM  MMM   MM  MMM   MMM          
              MM   MM    MMMM  MMM        MMMM           MMM   MMM   M  MM   MMMMM M         
           M    MM   M    MMMM MMMM           M       MMMM    MM   MM  MM  MM   MMM          
            MMM   M  MMMMM   MMMMMM M                MMM   MMM   MMM   MMMM  MMM   MM        
              MM   MMM  MMM   MMMMMM               MMM    MM    MM   MM    MMM  MMMM         
            MM  MMM  MM   MMM     MMM           MMM     MMM    MM   MM  MM   MMM   MMM       
          MMMMMMMMMM  MM   MM    MMM  MMMM   MMMMM    MMMM  MM M   MM MM   MM   MMM  MM      
           MM MMM  MM   MM  MM   MMM  MMMM MMMMMM    MM   MMM  M  M   M  MM   MM  MMM        
         MMMMMM  M  MM   MM  M  MMM     M MMMMMM   MMM   MM  MM  M  MM MM   M   MM   MM      
          MMM M  MMM  MM  M  MM  MM      MMMMM  MMMM   MMM  M  MM  M  MM  M   M   MMM        
         MMMM  MM  M  MMM MM  MM  MMM    MMMMMMMM     MM   MM MM  M MM  MM  M   MMM          
        MMMMMMMMMM  M  MM  MM  M   MMM     MM       MMM  MM   M  M MM MM MM        MM        
       MMMMMMMMM MM MM  M   M   M   M   MMM MM     MM   MM   M  M  M M  M   MM  MMM  MM      
         MMMMMMMM MM  MM MM  M   MM M   M         MMM  MM   MM MM  M  M   M    MM  MM        
      MMMMMMMMMMMM MM  MM MM MM   MMMM          MM    MM  MM  MM  M MM  M  M M   MM   MM     
     MMMMMMMMMMM  M  MM MM  M  MM  MMM        MMM   MM   MM  M  MM M  M  MM M  MM  MM        
      MMMMMMMMM MM  M MM  M  M  MM   M     MMMM   MM   MM  MM  M  M  M MM MM  M  MMM  MM     
    MMMMMMMMMMMM  M MMMMM  M  M  MM  MM     M        MM   MM  M  M    M  M  M M MM  MMM      
   M  MMMMMMMMMMM MMM MM M  MM MM  M  MMM       M  MM   MM  M  MM  M M    M  M M  MM   MM    
    M MMMMMMM MM MM MM MM  M  M  M     MM     M  MM   M   MM  M  M    MM M MM MM MM MMMM     
    M MMMMMMMMMMMM MMMMM MM MM  M MM M  M       MM  M   MM  MM MM MM M  M M  M  M  MMM MMM   
    MMMMMMMMMMMMMMMMMM  MM M  M  M  M M  M     MM M   M   MM MM  M  M MM M  M MM MM  MMMM    
     MMMMMMMMMM MM  MMMMM M  M  M  M M M MMMMMM  MM MM      M  M  MM M  M  M MM MMMMMM   MM  
     MMMMMMMMM MMMMMMM   M  M  M MM M M M MMM      M  M  MM  MM                M  MM    MM   
    M MMMMMM MMM  M   MMM MMMMM MM M     M M M M  M  M  M MM   M  MM MM M  M         MMM     
   M MMMMMMMMMMMMM MMMMM MM  M  M MM M M  M  M M M  M  M M  MM   M  M MM  M  MMM  MMMM  MMMM 
     MMMMMMMMMMMMMMM M  M  M  MMMMMMM MM   MM  MM  M  M  MMM  MM M M    M  MM   MMM   MMM    
   MMMMMMMMMMMMMMM  M MM MM  M  M   MMMM  MM  MM  M  M  MM  MM  M         MM  MM   MMMM   M  
     M MMMMMMMMMMMMM M  M  M MM  M                        MM      M   M  M   M   MMM M MMMMMM
      MMMMMM MM MM  MMMMMM MM MMM MMM    MMM  MM   MM  MMM   M   M  MM  M  MM  MMM   MMMM    
     MMMMM MMMMM  M      M MMMMMMMM     MM    M  MM  MMM   M   MM  M   M  M   M     MMMM     
       MMMMMMMMMMMMMM  M  MMM   MMMMMMMMMM     MM   M   M    MM   M  MM   M  MM   MMMM       
       MMMMMMMMMMMM  M MMM  MMMM M  MM      MMM   MM  MM   M   MMM  MM   MM    MMMMMM M MM  M
       MMMMMMMMM MMMMMM  MMM MM           MMM        M   M     M         M    MM      MMMMMMM
      M  MMMMMMMMMMM MMMM  MMMM       MM MM    MM   M   M   M    MM    MM            MMM MM  
       M  MMMMMMM  MM MMMMMMM       MMMMMM    MM   MMM              MMMM              M M    
        M MMMMMMMMMMMM  MMMMMMMMMMMMMM      MMM    M    MM      M                            
         MM MMM  MMMMM    MMM  MMMM     MMMMM    MM   M      MMM          MM M MMMMMMM MM    
            MMMMM  MMMMMMMM MMMMMM   MMMMMM      M         MMMM               MMM            
             MMMMMM MMMMMMMMM MMMMMMM MM        MMM               MMMM M    M   M            
               MMMMMMMM      MMMMMMM        MMMMMM         M  M MM            MM M     MM    
                MMMMMMMM              MM M                  MMMMM MM             M           
             M       MMMMMMMMMMMMMMMMMMMMMM            M            MMM M         MMM        
                  M     M    MMMM MMM M                                MMMMM M               
              M           M MM MMMMMMMMMMMMMMMM M                 M         MM               
                     MMMMMMMMM MM MM                                 M            M          
                                                                        M            MM      
                   MM  MMM             MMMM  M                              MM               
                       M  MMMMMMMMMMMM                                                       
                                    M  MMMM M                                M               
                           MMMM                                                              
                                  M  MMMMM                                 M                 
                                             MM                                              
                                      M M                                                    

Employee: Colin Smith[28124] is logged out.
Number of success logins: 0
Number of attempt logins: 0.0
Age: 21.8
Level of Security: Admin
Fingerprint dimensions: 63 by 97

                                         MMMMMMMMMMMMM                                         
                                   MMMMMMMMM      MMMMMMMMMM                                     
                                MMMMMMM    M MMMMM M    MMMMMMM                                  
                              MMM    MMMMMMMMMMMMMMMMMMMMM   MMMMM                               
                                 MMMMMMM              MMMMMMMM  MMMM                             
                               MMMM    MMMMMMMMMMMMMM         MMM  MMM                           
                            MMMM   MMMMMMM             MMMM   MMMM   MMM                         
                          MMM   MMMM       MMMMMMMMM     MMMMMM   MMM                            
                        MMM   MMM    MMMMMMM     MMMMMMMMM   MMMM MMMMM                          
                      MMM  MMMM   MMMM           M      MMMM   MMMMM MMMM                        
                     MMM  MMM  M         MMMMMMMMMMMMMMMM  MMMM  MMMM  MMM                       
                    MM    M  MMM    MMMM              MMMM   MMMM MMMMM MMMM                     
                  MMM      MMM   MMMM    MMMMMMMMMMMMM   MMMM  MMMM  MMM  MMM                    
                 MM  MM    MMM MMM   MMMMMM  M     MMMMM    MMM MMMM  MMM  MMMM                  
                 M  MMMMM    MMM   MMMM     MMMMMM     MMMM  MMMM MMMM MMMM MMM                  
                  MMM  MMM  MMM  MMM   MMMMMMMMMMMMMMMM  MMMM MMMM  MMM MMM                      
                 MMM  MMM MMMM MMM  MMMM             MMMM   MM  MMM  MM  MMMM                    
                MMM  MM  MMMMMMM  MMMM   MMMMMMMMMMM    MMM  MMM  MM   M  MMM                    
               MMM MMM  MMM MMMMMMMM  MMMMM       MMMMM   MMM MMM  MMMMMM  MM  M                 
              MMM MMM  MM  MMMMMMMM MMM     MMMMMM    MMM  MMM  MMMMMM  MM  MM MM                
              MM  MM  MMM MM  MMM MMMM  MMMMMMMMMMMMM   MMM  MM  MM  MM  MM  M  MM               
             MM  MMM MM  MM  MMM MMM  MMM           MMMM MMM  MM  MM  MM MMM MMMMMM              
             MM MMM MMM MMM MM  MMM MMM   MMMMMMMMMM  MMM  MMM MM  MM MMMMMM  MM MMM             
            MM  MM  MM MMM MMM MM  MMM  MMM       MMMM MMM MMM  MM MMMMMM MMM MM  MM             
            MM  MM MM  MM MMM MMM MM  MMM   MMMMM   MMM MMM MMM MMM MM  MMMMM MMM MM             
            MM MM  MM MMM MM MMM MMM MM  MMMMM MMMM  MMMMMMM MM  MM MMM MM MMM MM MMM            
            M  MM MM  MM MMM MM MMM MM  MMM  M    MMM MMM MM  MM MM  MM MM  MM MM  MM            
              MM  MM MMM MM MMM MMMMMM MMM MMMMMMM MMM MM  MM MM  MM MM MMM MM  MM               
            MMM  MM  MM MMM MM  MMMMM  MM MM    MMM MM MM  MM MMM MM MMM MM MM  MM  M            
           MMM  MMM  MM MM MMM MM  MM MMM MM MM  MM MM  MM MM  MM MM  MM MM  M  MM MMM           
              MMMM  MMM MM MM  MM MM  MM MMM MMM MM MMM MM MMM MM  M  MM MMM MM MM MMM           
            MMMMM   MM  MM MM  MM MM  MM MMM MM  MM  MM MM  MM MM  MM MM  MM    MMM MM           
           MMMMMMMM MM  MM MM  MM MM  MM MMM MMM MM MMM MM  MM MM  MM MM  MM  M  MM MM           
           MMMMMM   MM MM  MM  M  MM  MM     MMMMMM MM  MM MM  MM  MM MMM MM MM  MM MM           
             MMM    MM MMM MM MM  MM  MM  MMMMM MM  MM  MM MM  MM MM      MM MM  MM MM           
            MM  MMM MM MM  MM  MM MM  MM M     MM  MMM MM  MM MMM MM  MMM MM MM  MM MM           
           MM  MM   MM  MM MM  MM MM  MMMMMMMMMMM MMM  MM MMM MM  MM  MM  MM MM  MM MM           
              MMM MMM   MM MMMMMM  MM  MM        MMM  MM  MM  MM MMM MMM  MM MM  MM MM           
            MMMMMMM     MM MMM MMM MMM  MMM  M MMMM MMM  MM  MM  MM  MMM  MM MM  MM MM           
            MM MMM  MM  MM  MM  MM  MMM  MMMMMMM   MMM  MMM MMM MM  MMMM MMM MM MM               
              MMM MMMM      MMM  MMM MMMMMM      MMMM MMMM  MM MMM MM MM MM  MM MM               
             MMM  MM  M  MM  MMM  MMM  MMMMMMMMMMMM  MMM  MMM  MM MMM MM MM MM  MM               
             MM  MM  MM  MMM  MM    MMM  M         MMMM  MMM  MM  MM MM  MM MM  MM               
               MMM  MMM   MMM MMMM     MMMM  M  MMMMM   MMM MMM  MM MMM MM MMM MM                
              MMM  MMM MM  MMM  MMMMMM  M MMMMMMM     MMM  MMM      MM  MM MMM MM                
               M  MM  MMM   MMM MMM MMMMM         MMMMM   MMM  MM  MMM MM  MM MMM                
                 MM  MMM MM  MMM MMMM   MMMMMMMMMMMM   MMMM  MMM  MMMMMMM MM  MM                 
                MM  MMM MMMM  MMMM MM                MMMM   MMM  MMM  MM MMMMMM                  
                   MMM MMM MMM  MMM    MMMMMMMMMMMMMMMM  MMMM  MMM   MM  MMMMMM                  
                  MMM  MM   MMMM  MMMM      MM   M     MMMM   MMM  MMM  MM  MM                   
                  MM  MM MMM   MMM   MMMMMM  M   MMMMMMMM  M  M   MMM MMM  MMM                   
                     MM  MM  MM    MM     MMMMMMMMMMM    MMM     MMM  MMM MMM                    
                    MM  MMM  MMMMM   MMMMM            MMMMM MM  MMM  MM  MMM                     
                       MMM MMM  MMMMM    MMMMMMMMMMMMMM   MMMM MMM MMM  MMM                      
                      MMMMMMM      MMMMMMMMMMMMMMM      MMM  MMM  MMM  MMM                       
                         MMM   MMMM M   MM          MM     MMMM MMM  MMMM                        
                          M MMM   MMMMMMM   MMMMMMMMMM   MMMM  MMM  MMM                          
                            MMMMMM     MMMMMMM       MMMMMM  MMM MMMMM                           
                                MMMMMMMMMM   M MMMMMMMM    MMM   MMM                             
                                     MMMMMMMMMMMMM     MMMMM   MMM                               
                                                M  MMMMMM   MMMM                                 
                                         MMMMMMMMMMMMMM                                          
                                                     M                                           

Employee: Dan Smith[743743] is logged out.
Number of success logins: 0
Number of attempt logins: 0.0
Age: 45.3
Level of Security: General
Fingerprint dimensions: 71 by 92

                                    M        MM    MM                                     
                                      MM    M   MM  MMM      MMMM                           
                           MM MM    MM   MM            MMMM       MM                        
                       MMMM         M    MM   MM   M           MM                           
                    MMM     M MMMM    MMM   MMM MM      MM          M                       
                       MMMMMMMMM   MMM    MMM     MMMM    M M   MMM      M                  
                    MMMMMMMMM   MMMM    MMM  MMMM    MMMMM    MMM   MM      M               
             MMMMMMMMMMM      MMM   MMMMM   MM     MMM    MMMM   MMM    MM     M            
            MMMMMM  MM  M         MMM         M  M      MM     MM   MMM   MMMM    M         
                 M           MM         MMMMMM      MMM    MMMM MMMM   MMM   M MM           
         MMMMMMMM   MMMMMMMMM         MMM       MMMM    MMMM MMMMM  M MM    MM              
         MMMMMMMMMMMMMM             MM M      MMM    M  M     MM   MM    MMM  MM            
             MMM             MMMMMMM           M   MMM    MMMM   M MMMMMM     MMM    M      
      MMMMMMMM        MM MMMMMM         MMMM MM        MMMM   MMMMMM        MM              
          MMMMMMMMMMMMMM            M MMMMMM       MMMM     MMM     MMM  M MM     MM  M     
      MM                    MM  MMMMMMM            MMM  M MM    MMMM   MMM   MMM            
       MMMM MMM   MMMMMMMMMM  MMM           MMMMM           MMMMMM   MMM   MM     MM   MM   
          MMMMMMMMM                    MMMMMMM M         MMMMM    MMMM  MMM   MMM           
     MMM         MMMMMMM MMMMMMM   MMMMM              MMMM       MMM  MMM    M    MMM  M    
        MMMMMMM                              MMMMMMMMMMM       MM    MM   MMM   MMM         
    M        MMMMMMMM                 MMMMMMM MM             M       M   MM   MMM           
      MMMMMMM        MMMMMMMMMM MMMMMMMMM          M        MMMM       MM   MM   M MM       
   MM      MMMMMMMMM  M                       M   MMMMMMM M           M     M  MMM          
    MM MMMM       MMMMMMMM                 M MMM MMMMMMMM       M MMM    MMM  MM    MMMMM   
  M       MMMMMMM     MMMMMMMMMMMMMMMMM  MM M                 MMM      MMM  MM  MMMMM       
   M  MMM       MMMMMMMM         MMMMMMM MM           MM     M M     M MMMMM  MMMM    MM    
    M     MMM M M    MMMM           MM MM     MMM MMMMMM      M    MM    MMM MM  MMMMMM     
     MMM   MMMM MMMMMM   MMM           MMMMMMMMMMMMM      M MM    MM  M MMMM  MMMMM   MMM M 
   M   MM    MMMM    MMMMMMMMM                            MMMMMMMM      MM  MMMM MMMMMMM    
   MM    M      MMMMMM       MMMMMM   M              MMMMMMMM       MMMMM  MMMM MMMM        
    MMM  MMMM       MMM M      MM MMMMMMMMMMMMMMMMMMMMMMMM       MM MMMM MMMMM  MM MMMMMM   
  MM MMM   MM MMMM      MMMM        MMMMMMMMMMMMMMMMMMM       MMMMMMMMMMMMMM  MM  MMM       
   MM MMM   MM   MMMM     MMMMM       MM     MM      M    MMMMM    MMMMMMMM MMMM MMM  MMM   
 M  M   MMM         MMMM    MMMMMMMM  MM            MMMMMMMMMM    MMMMMMMMMMMMMMMMMMMMM     
     MM  MMM     MM   MMMMM    MMMMMMMMMMMMM      MMMMM        MM MM M  MMM M MMM MMM   M   
   M   MM   MM    MM    MMMMM      MMMMMMMMMMMMMMMM        MMMMMMM    M   MMMMMM  MM MMM    
   MMM   MM         MM      MMM         MMMMMMMMMM  M MMMMMMMM    MMMMMM MMM MMMMM  M   MM  
  M  MM    MM    M    MMM     MMMM      MMMMMMMMMMMMMMMMMMM     MMM    MMM MMMMMM MMM MM    
   M MMMMMM MMM    M     MM       MMMMM MM MMMMMMMMMMMM       MMM   MMM   MM MMM MMMMM  M   
 MM M MMM  MM   M   MMM    MMMM              MMMMMMMMM      MMM M   MMMMMM  MMMMMMMMM MM    
  M MM  MMM  M   MM    MMM    MMMM               MMM   MM MMM   M MM  MMM  M  MM  MMMM  MM  
   MM MM  MMM       M     MM     MM    MMM       MMMMM MM     MMM  MMMM  MMMMM MMM M   M    
  M MMMMMM   MM  MM MMMM    M     MMM    MMMMM   MMM  MM M MM     MMM  MM  MM MM  M  M MM   
   MMMMMM       M       MM   MM     MM         MM MMMMM   MMM MMM   MM   MMMMMMMM MM  M  M  
    MMMMMMM  MM   M   M   MM   MMM   MM   MMMMMMMM     MMMMMMM        MM  MM  MM M  M MMM   
   M M MM MMM MMM       M   MM     M   MM    MMMMM    MMMM    MMMM  MM MMMMMMM MM    M  M   
    M MMMMMMMMM          MM    M    MM  MMM MMMMM  MMMM    MMM   MM  MMM MM MMMMMM   MMM    
   MMMM MMMMMM  M      M    MM    MM MMM  M   MMMMMM   MMM   MMM     M MM  MM MM   MMM M    
  M MMMMMMMMM  M        MM MM  MMM  M      M       MMMMM  MMMM MMM  MMM  MM MM  MMM  MM     
   MMMMMMMMM     M      M M  M  M       MM  MMMMMMMMM   MM   MMM   MM MMM MM   MMMMMM  M    
  M  MMMMMMMM   M M      M  M  M MM MM M  M  MM     MMMM  MMM  M M  MM  M       MM MMM      
   MMMMMMMMMM MM MM     M  M  M  M M  M  M MM  MMMMMM MMM   MMM  MM  MM  MM  MMM MMMMMM     
    MMMMMMMMMMMMMMMMMMMMMMM  M     MMM MM MM MM M   MMMM  MM  MMM MMM     MMMMMMM  MM       
    MM MMMMMMMMMMMMMM MM M      MMM MM M  M  M  M M M  MM  MM  MM  M M   M  MMMMMMM  M      
    MMMMMMMMMMMMMMMM  MMMM  M MM M     M  M  M  M MM  M MMM  MMM MM     M    MMMMMMM        
      MMM  MMMMM MM  MMMMM M  M        M  MM MM M   M  M  MM   M   M  MMM  MMMMMMM          
        M  M  MM MM  M MMM M  M M   M     MM  M  M       M  M      MMM MMMM MMMM M          
        MMMMMMMM    MM MM MM  M MM MM MM M            M  M       MM  MMM  MMMMMMM           
        MMMMM    MM MM MM MM M   M  M       M  M  MM   M       M  MM MMMMMMMMM              
          MMMMMM MMMMM  M  M  M  MM M  M  M MM  M       M  MM  MMM MMM  MMMM MM             
          M MMMMMMMMMMMMMMM  MMM MMMMM M   MMMMMM   MMMMMM  MMMMMMM  MMM MMM                
            M MM  M  M  M  M         M  M  M      M MM   MMM MMMMMMMMMMMMMM                 
                MMMMMMMMMM MMMMMMMMMMMM MM MM   MMMMM MM MMMM  MMMMMMMM  M                  
                MMMMMMMM MM MMMMM MMMMMM MM MM  MM MM  MMM   MMMMMMM  MM                    
                 MMMM  M MM  MM M     MMM MM MM  M  MMMMMMMMMMMM   MM                       
                  M MM MM MM  M  M MM  MM MM  MM  M   MM  MMMM MMMM                         
                   MMM  MM  M  MMM  MM  MM  MMMMMMMMMMMMMMMMMM                              
                      M  MM  MM MMM  MMM M   MM MMM MMM  MMM   M                            
                              MM   MMMMM  MMM MMM MM  MM   MM                               
                                M  MM   M   MM   M  MM                                      
                                      M   M                                                 

Employee: Gabe Newell[999999] is logged out.
Number of success logins: 0
Number of attempt logins: 0.0
Age: 63.5
Level of Security: Admin
Fingerprint dimensions: 59 by 95

                                      MM              MMM                                    
                                  MMM MMMMM  M      MM     M                                   
                                   M     M        MM     MM   MM                               
                             M MMMMMMM    MMMM   MM    MMMMMMMM MM                             
                           MMMMMMMMM MMMM M            MMMMMMMMMM MM                           
                          MMMM M  M    MM M  MMM    MM    MMMMM  MM  M                         
                        MMMMMMMMM  MMMM MM        MMM   MM  MMMMMMMMM M                        
                       MMM  MMM MMM M       MMMMM      M   MMMMM MMMMM M                       
                      M MMMM MM  MM  MM    MMMMMMM   MM  MMMMMMMMMMMM M  M                     
                     M M MM M  MM MM MM     MMM     MM   MMM MMMMMMMMMMM                       
                    M M MM M MM MM MMMMMM MMMM  M  MMMM M   MM MMMMMM MMMM M                   
                   MMM M MM M MM  M   MMMMMM    MMMMMMMMMMMM MMMMMMMMM M MM                    
                  MMM M M M  M MM  MM MMMMMMMMMMMMMMM MMMMM MMMMM  M MM M M                    
                   M M M MMMM M  M  MMMM  MMMMMMM   MMMMM MM  MM MM M MMMM MMM                 
                 M M MM M M  MMM MM  MM  M      MMMMMMMMMM MMM  M MM M  MMM MM                 
                  M MMMM M   MM M MM  MMMM        M   MMMM MMMMM M MMMM MMMMM M                
                M M  M MMMMMM  M M  MMM MMM   MMMM   MMMMMMM M  M M MMMM M MMM                 
                   MM M M  MMMM M M  M  MMMMMMM   MMMMMMMMMMM MM M M MM M M MM                 
               M M  M M  M M M M M MM  M  MMMMM  MMMMMMMM MM MMMM M M M M M M M                
               M M  MMMM M M MM MMMM M MMMMMMMMMMMM  MM  MM M M MM M M M M M MM                
               M  M  M MM MMM M M M M M MM MMMMMM MMMMMMM MM MMM M MMM M MMM M                 
              M   M  M MM M M M MM M MMMMMMMMMMMMMMMMMMM M  M M M M M M M MM M M               
              M M    M M  M M MM M M M MM MMMMM MMMMMM MMMMMMM MMMMMM  MM M M MM               
              M M   MM M MM    M M MMMM MM      MM MMMMM M  M M MM M M M M  M MM               
              M M   M M MM M M M M MMM M MMMM MM  MM MMMM  M M MMMMMMM MMM MM  M               
              M M M   M M MM M M M  MM MMMMMMMMM M  M MM M  M M M M M M MM M    M              
                  M  MMM  M M M MM MM   M MMMMMMMMMM M  M M  M M MMMM MMM  M M  M              
               M  M MM M M M MMMMMMM M  M MM   M MMMM MM M M M M M M  MMM  M M                 
               M M  M M  M M M M MM MMMM MMMMMM M MM M MM M M M M MM M MM MM M                 
              MM MMMMMM M M M M MM M MMMMM MMM MMMMMM M M M  M M MM MM MM MM M                 
                M MM MMM M MM  M MM MMMMMMMMMMMMMMMM MMM M M M M MMMMM MM MM M  M              
                M M M M MMMMMM MM MM MM MMMMM MMMMMMMMM MMM   MM MMM MMM  MM M  M              
              MM  MMMMM M   MMM M MMM M  MMMMM M M M  M M M M MM   M MM    M    M              
              MM M M MMM MMM MMMMMMMMMM M MMM  MMMMMM M M M M MMM  M   M MMM    M              
               MM MM  MMMMMMM MM M M M M MMMMM M M MM   M M M MMM  MM  M  M   M                
                M M MM  MM    MMM M M M M MMMMM  M M    M M M MMM   M     M M                  
               M MMMMMM M MMMM M MMM MMM  MMMMMMMM MM   M M M MMM   M M M M    M               
                 MMM M M MM M MMM MMMMMM MMMMMM M MMMMM M  M M M M MM M      M M               
                M MMM M MMMMMMMM MM M MM MMMMMMMMM  MM M M M M     M M M M MM M                
                MM MMM M MMMMMM MM M MMMM        MMM   M   MMM M  MMM M M MMM M                
               MMM M  M M MMMMMMMMM MM MMMM        M  M MMMMM M MM M M M  MM M                 
                 MM M MM M MM MM MM MMMM         M  MM M M M M MM M M    M M                   
                  MM M  M MMMMMMM MM MMM M       MMM  M M MMM M MM M MM M M M                  
                  MMM MM M MMMMM MM MMM M            M M M M M M  M M  M M M                   
                  MMMM MM MMMMMMMMMMMM MMMMMM      M  M MMM M M  M M MM MMM                    
                  MMMMMM MMMM  MM MMM  MMM        MMMM MMM M M MM M MM M M                     
                   MMMMMMMMMMM   MMM MMM M         M  M M M M MM M M  M M MM                   
                    MM MMM  M M MMMMMMMMMM MM MM     MMM M M MM M M MM M                       
                      MMM    MMMMM MMM MM     MMMMMM M  M MMMM M M M MM                        
                       MMM  MM M MMMM       MM M  MMM MM M M  M M M MM                         
                        M MMMMMMMMMM          MMMMM MM MM M MM M M M                           
                         M MMM MMMMMMMMMMMMMM     MM MMMMM MMMM M MM                           
                          MMMMMMMMMM    MMMMMMM MMMM  MM MM MM M  M                            
                           MM MM  MMMMMMMMMMMMMM    MMMMM M  MMMM                              
                             M  MMMMMMMMMM      MM   MM MM MMM M                               
                               MMMMMMMMMMMMMMMM   MM  MMMMMMMMM                                
                                     M M     MMM  MMMMMMMMMM                                   
                                        MMMMMMMMMMM  MM                                        
                                               MM                                              

Employee: Joe Brown[10001] is logged out.
Number of success logins: 0
Number of attempt logins: 0.0
Age: 37.1
Level of Security: Admin
Fingerprint dimensions: 63 by 89

                                M      M                                               
                                       MMM     M      MMMMMM                             
                             M    MMM      MM               M                            
                          M   MM      MMM   MMMMM               MMMM                     
                      MMM       MMM     MMMMMMMMMMMMMMMMMMMMMMMMMMMMM                    
                         MMMMMM     MM      M MM M                        M              
                  MM  MMM     MM      MM                             MMMMM               
               M   MM    MM      MMMM   MM                     M MMMMM                   
                 MM   M    MMMM     MMM   MMMM              MMMMMM  M    MMMMM           
              MM  MM   MMM     MM                      MMMMM         MMMMM               
            M   M   M    MMM     MM       MM       MMMMMM       MMMMM          M         
          M   M     M   M    MM     MMM    MMMMMMMMMMM       MMM        MM   M M         
           M   M MM   M  MM   M M      MMM  MMMMMMMM      MMM        MMMM   MM           
         MM  MMM   M   M  MM    MM      M               MM      M   MMM   MM   MMM       
       M   MM  MM   M   M    M    MMM                  M     MMM  MM    MM   MMMM        
        MM   M   M   M   MM  MM       MMM M  MM        MMMMMM    MMM M MMM MM    MMM     
       M  MM  M   M   M    M MM          MMMM MMMM  M MMM     MMM    MMM        MMM      
        MM  M          MM     MM  M                  M      MM     MM     M  MMM    M    
      M  M   M   M  MM   MM         M      M M     MM   MMMM     MM    MMM   M   MMM     
       M   M  M   M  MM    M  M      MMMMMMMMM        MMMM    MMM    MM    MM   MM       
            M      MM  MM    M        MMMMMMM M    MMMM     MMM    MMM   MM    MMM  MMM  
      MM  M  MM  M   M   MM   MMM      MMMM   M    MMM     MM    MM    MMM   MM    MMM   
       MM  M  M   MM   M  MM    MM      MMMMM M MM  MM   MMM    MMM   MMM   MMM    MM    
      M M M M  M  MM M  MM  M   MMM      MMM M       M M      MMM     M   MMM   MMM      
      M    M MM    M  M  M   M   MM           M       MM     MM    MM   MMM   MMM   MM   
     M M    M  M  M    M  MM     MMMM                MM     MMM  MM   MMM    MMM  MMM    
        M  M M  M  M M  M   M       MMMM             M      M    MM   M    MMM    MM  M  
    M  M M  M  M      M  M  MM         MMM          MM     MM   MM   M   MMMMM  MM   MM  
     MM M  M M  M  M   M  M  M  M        MMM       MMM   MM   MM   MM   M  MM   M   MM   
    M  M M  M    MM MM  M  MMM   MM               MMMM  MMMM  MM  MM  MMM MM  MM   M     
        M  M M  M  M  M  MM  MM   MMM             MM    M   MM   MM  MM  MM  MM  MM  MM  
    M  M MM M  M M  M  M  MM  M                  MMM   M    M   MM  MM  MM  MM  MM MMM   
      M M  M M  M    MM MM MM  M    MM          M   M     M   MM   MM MM   M  MM   M   M 
    M  M  M M  M M M M M  M  M  M      M       M   MM M  MM  MM MMM  MM  M   MM      MM  
   M  M M     M M M M M M  M  M  MM            M  MM MM MM  MM MMM MM  MM  MM   MM MM    
     M M    M  M M M M M M  M MMM  M         MM   M   M M    M MM MM   M  MM  MMMMM   MM 
    M M M  M M MM M   M  M M M M M  MM      MM    M  M M  M M  M MM MMMM M   M MM  M  M  
     M  M M M M M   M M      M    M M   M  MM  M  M M  M M    M  M M MM M MMM M   M  M   
    M      M  M   M MM   M MM M      MM   M    M M  M M      M  M    M   MM MM MM  MM MM 
      M M  M M M M M  M M    M M    M M     M M    M M    M M    M  MMMMM  MMMMM  M  M   
     M  M M M   M M   M M M M M MM M     M M      M M  M M   M      M MM MM  MMMMM MM    
    M  M M        M      M M    M M MMM  M    M     M MM  M                              
      M  M M                          M MM MMMM M      MMM M M MMM                       
               M M M    M M  M M M                M M M M M M M M M M MM  MMMMMM M  M    
                MM M M M    M M  M MMMM M M              M M M M M MMMM  M MMMM M MM     
       M M  M M   M    M M MM M MM M MMMM M MM M M                  MMM M   M  M M       
        M M           M    M MM M    M M  M M  M M M M MMM M         M M   M M MMMM      
        M M      M        M  M M  M M  M  M M  M   M M MMM MM    M M M M M    M  M  M    
        M   M  M            M    M  M  M M    M M  M M MMM    M     MM  M    M           
          M M         M       M     M M  M M  M M      M M        M MM        MMM        
                             M  M  M    M M  M M  M M M  M          MM  M   M M          
              M                      M M  M            MMM M        M M M    M M M       
                                         M  M M   M   M M  M M      M M      M           
                                           M    M    M M  M  M M M MMMM M  M M M         
                            M     M          M M  M M MM M  M M    MMM  M    M M         
                                              M    M  M M  M    M MM M    M    M         
                                             M    M  M MM M  M M  M M       M            
                                    M            M  M M  M    M  M M    M  M             
                                                M            M MM M  M M  M              
                                         M          M M       M    M                     
                                                         M  M                            
                                                 M     M  M  M  M                        
                                                        M  M                             

Employee: John Miller[201666] is logged out.
Number of success logins: 0
Number of attempt logins: 0.0
Age: 48.2
Level of Security: General
Fingerprint dimensions: 60 by 82

                                        M                                       
                                           M                                      
                                               MM                                 
                                  M          M    MM                              
                          MM    MM   M     MM   MM    MM                          
           MMMMM   MMM M    MMMM   MM   MMM    M    MM    M                       
            MMMMMM MM   MMMMMMM       MMM   MMM    MMMMMMM  MMM                   
                 MMMMMMMMMMMM    MMMM    MMMM   MMMMM    MMMM                     
                   MMMMMMM  MMMMMMM   MMMMM M  MMM     MMM   MMM                  
     MMMMMM              MM MMMMM  MMMM  MMM  MMMMM  MMM  MMMMM  MM               
      MMMMMMMMMMMMMM  MMMMMMMMM   MMMM  MMM  MMM   MMM MMM M  MMM                 
       MMMMMMMMMMMMMMMMMMMMMM   MMMM   MM   MM   MMM  MMM  MMMM   MM              
       MMMMMMMMMMMMMMMM      MMMMMM  MMM  MMM   MM  MMM  MMMM  MMM                
  MMMMM   MMMMMMMM  M     MMMMMMMM MMMM MMMM  MMM MMMM MMM   MMM   MMM            
   MMMMMMMMMMMMMMMMMMMMMMMMMMMM  MMMMMMMM   MMMM MMMMMMM  MMMM  MMMM              
     MM   MMMMMMMMMMMMMMMMMM   MMMMMMM   MMMMM  MMM    MMMMMM  MM   MMMM          
    MMMMM   MMMMMMMMMMMMMM MMMMMMMMM    MMMM  MMM  MMMMMMM    MMMMMMMM            
      MMMMMMMMM   MMMMM     MMMMMMMM  MMMM   MM  MMMM  MM   MMMMMM  MMMMM         
 MMMM  MMMM MMM       M   MMMMMMMMMMMMMMM  MMM  MMM  MMM   MMMM  MMMMMM           
 MMMMMM  MMMMMMM MMMMMM MMMMMMMMMMMM M MMMMMMMMMMM MMMM  MM   MMMMM  MMMMMM       
   MMMMMMMMMMMMM MMMMMMMMMMMMMMMMMMMMMMMMM   MMM  MMM MMMM  MMMM   MMMMMM         
 MM  MMMMMMMMMMMMMMMMMMMMMMM  MMMMMMMMMMMM  MMMMMMMM MMM  MMM   MMMM  MMMMM       
  MMMMMMMMMMMMMMMMMMMMMMM  MMMMMMM MMMMM  MMMM  MM  MMM  MMMMMMMMMMMMMMMM         
    MMM  MMMMMMMMMM MMM MMMMMMMM MMMMMMM  MMM  MMM  M   M   MMMMMM       MMMM     
MMM  MM  M MMMMMM M MMMMMMMMMMM MMMMM  MMMMM  MMM MM  MMM  MM  MM  MMMMMMMM       
  MMMMM  MMMMMMM MMMMMMMMMMMMM  MMMM  MMMMMMMMMM MM  MM  MMM MMMMMMMMM            
M   MMMMMMMMMM MM MMMMMMMM     MMMM MMMMMM MMMM  MM MM  MM  MMMMMMMM MMM MMMM     
 MM MM MMMM MMMM   MMMMM   M  MMMMMMMMMMMMMMMM MMM MM  MMM MMM MMMMMMMMMMMMM      
  MMMMM  MMMMMMM      M   M  MMMMMMMMM  MMMM  MMMMMM  MM  MMM MMM   MMMMM  MM     
    MMMM   MMMMMMMMMMMMMMMMMMMMMMM  MMMMMMMMMMMMMMMM MM  MMM MMMMMMMMMMMMMMMM     
  M  MMMMM   MMMMMMMMMMMMMMMMMMMM MMMMMMMMMMMMM MMM  M  MMM   MMMMMMMMMMMMM       
  M  M  MMMMM MMMMMMMMMMMMMMMMMMMMMMMMM  MMMMM  MM MM  MMM  MMMM  MMMMM MMMMM     
  MMMMMM  MMMMM   MMMM MMMMMMMMMMMMMMMMMMMMMMMMMM MMM MM MMMMM  MMMM  MMMM        
   MMMMMM  MMMMMMMMMMM  MMMMMMMMMMMMMMMMMMMMMMMMM MMMMM MM MM  MMM MMMM MMMMMMM   
 M  MM MMMM MMMMM  MMMM MMM MMMMMMMMMMMMMMMMMMMMMMMMMM MM MMM MM MMM  MMM  MMM    
  MM MM MMMMMMMMM   MMMM  MMMMMMMMMMMMMMMMMMMMMMMMMMMMMM MM  MM MMM MMM MMMM      
   MM MM MMMMMMMMMM MMMMM      M MMM MMM MMMMMMMMMMM MM MMM MM MMMMMM  MMM  MMM   
    MM MM MMMMMMM M   MMMMMMMMMMMM MMMMMMMMMMMMMMMMMMM MM MMM MM  MM MMM MMMM     
    MMM MMMMMMMMM  MMMMMMMMMMMMMMMMMMMMMMMMMMMMMMMMMMMMM MMMMMM MMM MMM MMM MMM   
   M  MM MMMMMMMMMMMMMMMM MMMMMMMMMMM MMMMMMMMMMMMMMMMMMMMMMMMMMM MMMM  MMMMM     
    MM MMM MMMMMM MMMM MMMM  MMMMMMMMMMMMMMMMMM MMMMM MMM MMMMMM MMMM MMMM        
      MMMMMMMMMMMMMMM MMMMMMMMMMMMMMMMMMMMMMMMMMMMMMMMM MMMMMM MMMMMMMMM  MM M    
     M MM MM MMMMMMMMMMMMMMM MMMMMMMMMMMMMMMMMMMMMMMM MMMMMMM MMM MMMMMMMMMM      
      M MMMMM MMMMMMMMMMMMMMMMMMMMMMMMMMMMMMMMMMMMMMMMMMMMM MMM MMMMMMMM  MMMM    
       MMMMMMMMM   MMMMMMM MMMMMMMMMMMMMM MMMMMMMMMMMMMM  MMM MMM MMMMM MMMMM     
       MMMMMMMMMMMMMMMMMMMMMMMMMMMM MMMMMMMMMMMMMMMMMMM MMM MMMMMMMMMMMMMMM       
            MMMMMMMMMMMMM MMMM M MMMMMMMMMMMMMMMMMMMMMMMM MMMM MMMM MMMMMM        
          MMM MMM M MMM MMMMMM MMMMMMMMM MMMMMMMMMMMMMMMMMMMMMMMMMMMMMMMMMMMM     
             MM   MMMM  MMMMMMM MMMMMM MMMMMMM MMMMMM MMMMM  MMM MMMMMMMMM        
           MM   M M M  MMMMMM MMMMMM MMMMMMM MMMMMMMMMMMMMMMMMMMMMMMMMMMM         
                          M MMMM MMMMMMMMMMMMMMMM MMMM    MMM MMMMMMMMM           
            M M MMMMMM M MM M             M MMMM  MMMMMMMMMMMMMMM    MMMMM        
               M M MMMM MMMMMMMMMMMMMMMMM MMMM MMM MMMMMMMMMMMMMMMMMMMMM          
                M M M MMMMMMMMMMM MMMMM MMM  MMM   MMMMMMMMMMMMMMMMMM             
                  MM M M  MMMMMMMM MMMMMMMMMMMM MMM   MMMMMMMMMMMM                
                    M  MMM MM  MMMMMMMMM MMMM MMMMMMMMMMMMMM                      
                        MM  MMM MM MMMMMMM MMMMM MMMMMMMMMM MMMMMM                
                            MMMMM MM  MM MMMMM MMMM MMMMM MMMMM                   
                                  M MM  MMM MMMMMM MMM    MM                      
                                    M  MMM MM  MM  MM                             

Employee: Susan Myers[632804] is logged out.
Number of success logins: 0
Number of attempt logins: 0.0
Age: 24.0
Level of Security: General
Fingerprint dimensions: 57 by 102

                                   MMMMMMMMMMMMMMMMMMMM                                             
                                 MMMMMMMMMMMMMMMMMMMMMMMMMMMMM                                       
                                                         MMMMMMMMMM                                  
                                                               MMMMMMMM                              
                                          MMMMMM                    MMMMMMM                          
                               MMMMMMMMMMMMMMMMMMMMMMMMMMMM            MMMM           M              
                          MMMMMMMMMMM                MMMMMMMMMMM                                     
                      MMMMMMMM                              MMMMMMMM         M                       
                     MMMM                                        MMMMMMM                             
                                   MMMMMMMMMMMMMMMMMMMM             MMMMMMMM                         
                             MMMMMMMMMMMMMMMMMMMMMMMMMMMMMMMM        MMMMMMMM  M                     
                        MMMMMMMMM                        MMMMMMMMMM       MMMMMM           M         
                     MMMMMMM                                  MMMMMMM       MMMMM                    
                  MMMMMM               MMMMMMMMMMMM             MMMMMMMMM      MMMM           M      
                MMMMM           MMMMMMMMMMMMMMMMMMMMMMMMMMMMM       MMMMMM      MMMMM        M       
               MMMM        MMMMMMMMMM            MMMMMMMMMMMMM     M   MMMMM      MMMM               
                        MMMMMMM                        M   MMMMMMMM     MMMMMMM                      
                     MMMMMM            MM                     MMMMMM       MMMMM   M                 
                   MMMMM           MMMMMMMMMMMMMMMMMMMM  M  M    MMMMMM      MMMMMM                  
                 MMMMM        MMMMMMMMMMMM      MMMMMMMMMMM  M     MMMMMM      MMMM   M            M 
               MMMMM       MMMMMMMM                M    MMMMMMMM      MMMMM     MMMM                 
             MMMMM      MMMMMM  M               M          MMMMMM       MMMM     MMMMM    M          
            MMMM      MMMMM            MMMMMMMMMMMM         M MMMMMM      MMMM     MMMM              
             M      MMMMM      M MMMMMMMMMMMMMMMMMMMMMMM  M      MMMMM     MMMM     MMMMM            
                   MMMM       MMMMMMMMMM            MMMMMMMMM M   MMMMM      MMM     MMMM            
                 MMMM       MMMMM                      MMMMMMMM    MMMMMMM    MMMM                   
                MMMM     MMMMMM                  M   M     MMMMM   M  MMMM    MMMMM                  
               MMM      MMMM  M     MMMMMMMMMMMMMMMMMM       MMMMMMM   MMMM  M  MMMM                 
              MMM    MMMMMM   M  MMMMMMMMM  M    MMMMMMMM      MMMMM    MMMMM    MMM                 
             MMMM   MMMMMM    MMMMMM    M M  M   M   MMMMMM      MMMM     MMM     MMM                
            MMM     MMMMM    MMMMM     M   M MMM        MMMMM     MMMM     MMM    MMMM               
             M     MMMMM   MMMMM    M  MMMMMMMMMMM        MMMM    MMMMM    MMMM    MMM               
                 MMMMM    MMMM      MMMMMMMMMMMMMMMMMM      MMMM M  MMMM    MMM     MMM              
                 MMMM    MMMM     MMMMM          MMMMMMM     MMMM    MMM     MMM    MMM              
M            M   MMM    MMMM     MMMM                MMMM     MMM     MMM    MMM     MMM             
            M   MMMM   MMMM    MMMMM       MMMM       MMMM    MMMM    MMMM    MMM                    
                MMM    MMM     MMM     MMMMMMMMMMM      MMM M  MMMM    MMM    MMM                    
               MMMM    MMM    MMMM    MMMM     MMMMM    MMMM    MMM    MMM    MMM                    
               MMM    MMMM    MMM    MMMM        MMMM    MMM    MMM    MMMM   MMMM                   
               MMMM   MMM    MMM    MMMM     M    MMM    MMM    MMMM    MMM    MMM                   
     M          MM    MMM    MMM    MMMM   MMM    MMM     MM     MMM    MMM    MMM                   
                      MMM    MMM  M MMM    MMM    MMM     MM     MMM    MMM    MMM                   
                     MMMM    MMM    MMM    MMM    MMM    MMM     MMM    MMM    MMM                   
                    MMMMM    MMMM   MMM    MMM    MMM    MMM    MMM    MMMM    MMM                   
                     MMMM   MMMM    MMM    MMM    MMM    MMM    MMM    MMM     MM                    
           M         MMM    MMM    MMMM    MMM    MMM    MMM    MMM    MMM                           
          M          MMM    MMM    MMM    MMMM   MMMM    MMM    MMM    MMM                           
                           MMMM    MMM    MMM    MMM    MMMM    MMM    MMM                           
             M             MMM    MMM    MMMM    MMM    MMM    MMM    MMMM                           
                          MMM     MMM    MMM    MMMM    MMM    MMM    MMM                            
                          MMM    MMM    MMMM    MMM    MMM     MMM    MMM                            
                                MMMM    MMM    MMMM    MMM    MMM     MMM                            
                                MMM    MMMM    MMM    MMMM    MMM                                    
                                MM     MMM    MMMM    MMM    MMM                                     
                                      MMM     MMM    MMMM    MMM                                     
                                      MM     MMM     MMM                                             
                                             MM      MM                                              

Employee: Vanessa Myers[443445] is logged out.
Number of success logins: 0
Number of attempt logins: 0.0
Age: 36.2
Level of Security: General
Fingerprint dimensions: 42 by 97

                                             MMM     M                                         
                                                                                                 
                                                MM  MMMMM                                        
                                                          MM                                     
                                        M     MMM   MM      MM                                   
                                          MMM       MM     MM                                    
                                  M     MM    MMMMMM   MM    M    M                              
                                     MM     M             MM   M   MM                            
                                    M           MMMMMMMM    M   MM   M                           
                               MM  M MMMMM   MMMMMMM    MMM   M  MM   M                          
                              MM MM M  M   MMMMM    MMMM   M   MM MM                             
                             MM  M  M MM  M MM  MMM MMMMMM  MM   M                               
                          M  M  M     M  M  M MM       MM M  M    M      MM                      
                          M  M  M M  MM MM   M          M  M  M    M      M                      
                         M  MM M  M  M  M   M   MMMMM    M MM  M  M M  M  M                      
                         M  M  M  M  M  M   M  MM    MM  M     M  M MM MM                        
                         M  M  M     M  M   M  M  MMMMMM MM  M  M M  M     M                     
                         M  M  M     M  M   M MM     M M   M MM M M  M     M                     
                         M  M  M    M          M   M  MMM  M MM M M  M    M                      
                         M  M  M    M     MMMM  MMM  MMMMM M      M  M    M                      
                         MM M  M  M M    M    M    MMMMMMMMM      M  M  M M                      
                          M M  M  M M    M     MMMMM MMMMMM  M  MMM  M M  M                      
                          M  M MM M M  M MM MM   MMMMMMMMM MMM MMMM  M M MM                      
                          M  M  M M  M MM MM  MM    MMMMM MMMMMM M  M MM MM                      
                          M   M MM M M  M   MM M    MMM   M MMMM M MM M  M                       
                           M  MM M MMM   MM    MMMMMM   MM   MM    M MM  M                       
                           M MMM  M MM     MM  MMMMM  MM  M MM    M MMM  M                       
                           M M  M MM MMMM    MM    MMM  MMMMM M  MMMM M MM                       
                            M M  M MM MMMM    MM  MM MMMMMM  MMMMMMM  M M                        
                            M M   M MM MMMM    M M   MMMMM    MMMMM  MM M                        
                            M      M  M  MMMM      MMM   MM  MMMM      MM                        
                            MM MM   M  M  MM MMMMMMM       MMMMMM  MM  M                         
                             M       M  M  MM   MMM  MMMM  M  M   M   MM                         
                             MM  MMM  M MM  MM M MM M   MMM  M  MMMM  M                          
                              M  M  MM M MM  M   M MM   MM  MM MM M  MM                          
                               M  MMMMM M MM  M    MMMMMM  MM MMMMM  M                           
                               MM MMMMM  M M  MM  MMMMMM  MM MMMMM  M                            
                                MM   M M M MM  M  M M M M M  M M   MM                            
                                 MM  M M  M M     M MMM MMM MM M  MM                             
                                  MM   M  M M MMM M MM  M M MM   MM                              
                                    M  M  M MMM M M MM  M M  M MM                                
                                          MMM             M                                      

